<?xml version="1.0" encoding="UTF-8"?>
<!-- Generated by org.testng.reporters.JUnitXMLReporter -->
<testsuite ignored="0" hostname="BLR1-LHP-N80701" failures="0" tests="9" name="Salesforce App Test Cases" time="106.372" errors="0" timestamp="2024-11-25T21:10:37 IST">
  <testcase classname="com.salesforce.qa.testcases.LoginPageTest" name="loginPageTitleTest" time="0.013"/>
  <testcase classname="com.salesforce.qa.testcases.LoginPageTest" name="salesforceLogoImageTest" time="0.076"/>
  <testcase classname="com.salesforce.qa.testcases.LoginPageTest" name="loginTest" time="11.681"/>
  <testcase classname="com.salesforce.qa.testcases.HomePageTest" name="verifyHomePageTitleTest" time="0.024"/>
  <testcase classname="com.salesforce.qa.testcases.HomePageTest" name="verifyUserNameTest" time="0.867"/>
  <testcase classname="com.salesforce.qa.testcases.HomePageTest" name="logoutTest" time="7.395"/>
  <testcase classname="com.salesforce.qa.testcases.HomePageTest" name="appLauncherSearchTest" time="1.857"/>
  <testcase classname="com.salesforce.qa.testcases.AccountsPageTest" name="verifyAccountCreationTest" time="14.868"/>
  <testcase classname="com.salesforce.qa.testcases.ContactsPageTest" name="verifyCreatedContactAssociatedWithAccountAndDeleteAccount" time="22.532"/>
</testsuite> <!-- Salesforce App Test Cases -->
